<?xml version="1.0" encoding="UTF-8"?>
<testng-results ignored="0" total="1" passed="1" failed="0" skipped="0">
  <reporter-output>
  </reporter-output>
  <suite started-at="2024-01-22T14:41:26 IST" name="Default suite" finished-at="2024-01-22T14:41:29 IST" duration-ms="2984">
    <groups>
    </groups>
    <test started-at="2024-01-22T14:41:26 IST" name="Default test" finished-at="2024-01-22T14:41:29 IST" duration-ms="2984">
      <class name="phase3_end_project.postman_and_Jmeter.rest_assured_assignment_006">
        <test-method signature="testLogoutApi()[pri:0, instance:phase3_end_project.postman_and_Jmeter.rest_assured_assignment_006@5e82df6a]" started-at="2024-01-22T14:41:26 IST" name="testLogoutApi" finished-at="2024-01-22T14:41:29 IST" duration-ms="2959" status="PASS">
          <reporter-output>
          </reporter-output>
        </test-method> <!-- testLogoutApi -->
      </class> <!-- phase3_end_project.postman_and_Jmeter.rest_assured_assignment_006 -->
    </test> <!-- Default test -->
  </suite> <!-- Default suite -->
</testng-results>
